<?xml version="1.0" encoding="UTF-8"?>
<!-- Generated by org.testng.reporters.JUnitReportReporter -->
<testsuite skipped="0" hostname="abhinandan_patil" name="Database.Connectdatabase" tests="1" failures="0" timestamp="2019-11-15T12:06:46 IST" time="0.242" errors="0">
  <testcase name="testDB" time="0.242" classname="Database.Connectdatabase"/>
</testsuite> <!-- Database.Connectdatabase -->
